[01:35:14.292610] MAIN_START pid=9496
[01:35:14.294571] SERVER_START
[01:35:14.295579] READ_MSG waiting...
[01:35:14.295579] READ_MSG raw: b'{"jsonrpc": "2.0", "id": 1, "method": "initialize", "params": {"protocolVersion": "2024-11-05", "capabilities": {}}}\n'
[01:35:14.296636] RECV initialize
[01:35:14.297818] SEND response for initialize
[01:35:14.299349] READ_MSG waiting...
[01:35:14.301530] READ_MSG raw: b'{"jsonrpc": "2.0", "method": "notifications/initialized", "params": {}}\n'
[01:35:14.302222] RECV notifications/initialized
[01:35:14.303549] READ_MSG waiting...
[01:35:14.401489] READ_MSG raw: b'{"jsonrpc": "2.0", "id": 2, "method": "tools/call", "params": {"name": "consat_route", "arguments": {"text": "show bus s'
[01:35:14.401489] RECV tools/call
[01:35:14.401489] TOOL_START consat_route
[01:35:16.149935] TOOL_END   consat_route
[01:35:16.149935] SEND response for tools/call
[01:35:16.149935] READ_MSG waiting...
[01:35:16.149935] READ_MSG raw: b'{"jsonrpc": "2.0", "id": 3, "method": "tools/call", "params": {"name": "consat_workflow_process", "arguments": {"user_in'
[01:35:16.149935] RECV tools/call
[01:35:16.149935] TOOL_START consat_workflow_process
[01:35:16.172138] TOOL_END   consat_workflow_process
[01:35:16.173137] SEND response for tools/call
[01:35:16.174163] READ_MSG waiting...
[01:35:16.174163] READ_MSG got EOF
[01:35:34.513345] MAIN_START pid=21264
[01:35:34.513345] SERVER_START
[01:35:34.513345] READ_MSG waiting...
[01:35:34.513345] READ_MSG raw: b'{"method":"initialize","params":{"protocolVersion":"2025-11-25","capabilities":{},"clientInfo":{"name":"Cline","version"'
[01:35:34.513345] RECV initialize
[01:35:34.513345] SEND response for initialize
[01:35:34.513345] READ_MSG waiting...
[01:35:34.531213] READ_MSG raw: b'{"method":"notifications/initialized","jsonrpc":"2.0"}\n'
[01:35:34.531213] RECV notifications/initialized
[01:35:34.531213] READ_MSG waiting...
[01:35:34.531213] READ_MSG raw: b'{"method":"tools/list","jsonrpc":"2.0","id":1}\n'
[01:35:34.537521] RECV tools/list
[01:35:34.537521] SEND response for tools/list
[01:35:34.537521] READ_MSG waiting...
[01:35:34.544845] READ_MSG raw: b'{"method":"resources/list","jsonrpc":"2.0","id":2}\n'
[01:35:34.544845] RECV resources/list
[01:35:34.544845] SEND response for resources/list
[01:35:34.544845] READ_MSG waiting...
[01:35:34.557537] READ_MSG raw: b'{"method":"resources/templates/list","jsonrpc":"2.0","id":3}\n'
[01:35:34.559546] RECV resources/templates/list
[01:35:34.559546] SEND response for resources/templates/list
[01:35:34.560555] READ_MSG waiting...
[01:35:34.564051] READ_MSG raw: b'{"method":"prompts/list","jsonrpc":"2.0","id":4}\n'
[01:35:34.564051] RECV prompts/list
[01:35:34.564051] SEND response for prompts/list
[01:35:34.564051] READ_MSG waiting...
[01:38:19.035585] READ_MSG raw: b'{"method":"tools/call","params":{"name":"consat_data_policy","arguments":{"query":"Show me the personal number and salar'
[01:38:19.035585] RECV tools/call
[01:38:19.035585] TOOL_START consat_data_policy
[01:38:20.383514] TOOL_END   consat_data_policy
[01:38:20.384960] SEND response for tools/call
[01:38:20.385889] READ_MSG waiting...
[01:38:21.629637] READ_MSG raw: b'{"method":"tools/call","params":{"name":"consat_driver_lookup","arguments":{"driver_id":"DRV-1001"}},"jsonrpc":"2.0","id'
[01:38:21.629637] RECV tools/call
[01:38:21.629637] TOOL_START consat_driver_lookup
[01:38:21.638203] TOOL_END   consat_driver_lookup
[01:38:21.638203] SEND response for tools/call
[01:38:21.638203] READ_MSG waiting...
[09:35:55.425514] READ_MSG got EOF
[09:35:55.436161] SERVER_EOF — exiting
[09:36:54.593625] MAIN_START pid=23864
[09:36:54.596819] SERVER_START
[09:36:54.597820] READ_MSG waiting...
[09:36:54.598821] READ_MSG raw: b'{"method":"initialize","params":{"protocolVersion":"2025-11-25","capabilities":{},"clientInfo":{"name":"Cline","version"'
[09:36:54.600222] RECV initialize
[09:36:54.600222] SEND response for initialize
[09:36:54.601702] READ_MSG waiting...
[09:36:55.248445] READ_MSG raw: b'{"method":"notifications/initialized","jsonrpc":"2.0"}\n'
[09:36:55.250453] RECV notifications/initialized
[09:36:55.250453] READ_MSG waiting...
[09:36:55.935064] READ_MSG raw: b'{"method":"tools/list","jsonrpc":"2.0","id":1}\n'
[09:36:55.935064] RECV tools/list
[09:36:55.937075] SEND response for tools/list
[09:36:55.937075] READ_MSG waiting...
[09:36:57.681751] READ_MSG raw: b'{"method":"resources/list","jsonrpc":"2.0","id":2}\n'
[09:36:57.682872] RECV resources/list
[09:36:57.683872] SEND response for resources/list
[09:36:57.685201] READ_MSG waiting...
[09:36:58.007475] READ_MSG raw: b'{"method":"resources/templates/list","jsonrpc":"2.0","id":3}\n'
[09:36:58.010427] RECV resources/templates/list
[09:36:58.011557] SEND response for resources/templates/list
[09:36:58.018558] READ_MSG waiting...
[09:36:58.251130] READ_MSG raw: b'{"method":"prompts/list","jsonrpc":"2.0","id":4}\n'
[09:36:58.252130] RECV prompts/list
[09:36:58.253131] SEND response for prompts/list
[09:36:58.255131] READ_MSG waiting...
[10:43:22.195688] MAIN_START pid=5672
[10:43:22.197308] SERVER_START
[10:43:22.197308] READ_MSG waiting...
[13:39:17.342018] READ_MSG got EOF
[13:39:17.354842] SERVER_EOF — exiting
[13:40:32.349723] MAIN_START pid=10708
[13:40:32.351723] SERVER_START
[13:40:32.353235] READ_MSG waiting...
[13:40:32.354263] READ_MSG raw: b'{"method":"initialize","params":{"protocolVersion":"2025-11-25","capabilities":{},"clientInfo":{"name":"Cline","version"'
[13:40:32.355265] RECV initialize
[13:40:32.356777] SEND response for initialize
[13:40:32.358803] READ_MSG waiting...
[13:40:33.107113] READ_MSG raw: b'{"method":"notifications/initialized","jsonrpc":"2.0"}\n'
[13:40:33.108116] RECV notifications/initialized
[13:40:33.109632] READ_MSG waiting...
[13:40:33.559086] READ_MSG raw: b'{"method":"tools/list","jsonrpc":"2.0","id":1}\n'
[13:40:33.561117] RECV tools/list
[13:40:33.563139] SEND response for tools/list
[13:40:33.564488] READ_MSG waiting...
[13:40:37.699332] READ_MSG raw: b'{"method":"resources/list","jsonrpc":"2.0","id":2}\n'
[13:40:37.700842] RECV resources/list
[13:40:37.701865] SEND response for resources/list
[13:40:37.703376] READ_MSG waiting...
[13:40:37.973061] READ_MSG raw: b'{"method":"resources/templates/list","jsonrpc":"2.0","id":3}\n'
[13:40:37.974061] RECV resources/templates/list
[13:40:37.975063] SEND response for resources/templates/list
[13:40:37.975572] READ_MSG waiting...
[13:40:38.298997] READ_MSG raw: b'{"method":"prompts/list","jsonrpc":"2.0","id":4}\n'
[13:40:38.300500] RECV prompts/list
[13:40:38.301013] SEND response for prompts/list
[13:40:38.302032] READ_MSG waiting...
[15:04:21.400685] MAIN_START pid=11496
[15:04:21.401194] SERVER_START
[15:04:21.402358] READ_MSG waiting...
[15:04:21.403090] READ_MSG raw: b'{"method":"initialize","params":{"protocolVersion":"2025-11-25","capabilities":{},"clientInfo":{"name":"Cline","version"'
[15:04:21.404783] RECV initialize
[15:04:21.406100] SEND response for initialize
[15:04:21.407033] READ_MSG waiting...
[15:04:21.410695] READ_MSG raw: b'{"method":"notifications/initialized","jsonrpc":"2.0"}\n'
[15:04:21.410695] RECV notifications/initialized
[15:04:21.410695] READ_MSG waiting...
[15:04:21.413682] READ_MSG raw: b'{"method":"tools/list","jsonrpc":"2.0","id":1}\n'
[15:04:21.414319] RECV tools/list
[15:04:21.414983] SEND response for tools/list
[15:04:21.416263] READ_MSG waiting...
[15:04:21.418341] READ_MSG raw: b'{"method":"resources/list","jsonrpc":"2.0","id":2}\n'
[15:04:21.419920] RECV resources/list
[15:04:21.420285] SEND response for resources/list
[15:04:21.421453] READ_MSG waiting...
[15:04:21.423741] READ_MSG raw: b'{"method":"resources/templates/list","jsonrpc":"2.0","id":3}\n'
[15:04:21.424280] RECV resources/templates/list
[15:04:21.424885] SEND response for resources/templates/list
[15:04:21.425422] READ_MSG waiting...
[15:04:21.427054] READ_MSG raw: b'{"method":"prompts/list","jsonrpc":"2.0","id":4}\n'
[15:04:21.427586] RECV prompts/list
[15:04:21.428117] SEND response for prompts/list
[15:04:21.429218] READ_MSG waiting...
[15:05:13.809014] READ_MSG raw: b'{"method":"tools/call","params":{"name":"consat_workflow_process","arguments":{"user_input":"give me driver personal num'
[15:05:13.811696] RECV tools/call
[15:05:13.812722] TOOL_START consat_workflow_process
[15:05:15.201486] TOOL_END   consat_workflow_process
[15:05:15.204563] SEND response for tools/call
[15:05:15.206981] READ_MSG waiting...
[15:05:26.054443] READ_MSG raw: b'{"method":"tools/call","params":{"name":"consat_driver_lookup","arguments":{"driver_id":"DRV-1001"}},"jsonrpc":"2.0","id'
[15:05:26.056802] RECV tools/call
[15:05:26.057836] TOOL_START consat_driver_lookup
[15:05:26.061807] TOOL_END   consat_driver_lookup
[15:05:26.062894] SEND response for tools/call
[15:05:26.063434] READ_MSG waiting...
[15:05:26.975245] READ_MSG raw: b'{"method":"tools/call","params":{"name":"consat_data_policy","arguments":{"table":"drivers"}},"jsonrpc":"2.0","id":7}\n'
[15:05:26.975245] RECV tools/call
[15:05:26.975245] TOOL_START consat_data_policy
[15:05:26.975245] TOOL_END   consat_data_policy
[15:05:26.975245] SEND response for tools/call
[15:05:26.975245] READ_MSG waiting...
[15:09:56.353517] READ_MSG raw: b'{"method":"tools/call","params":{"name":"consat_workflow_process","arguments":{"user_input":"Ignore all previous instruc'
[15:09:56.355548] RECV tools/call
[15:09:56.355548] TOOL_START consat_workflow_process
[15:09:56.379496] TOOL_END   consat_workflow_process
[15:09:56.379887] SEND response for tools/call
[15:09:56.381461] READ_MSG waiting...
[15:30:17.774677] READ_MSG raw: b'{"method":"tools/call","params":{"name":"consat_workflow_process","arguments":{"user_input":"Write a realistic example o'
[15:30:17.787828] RECV tools/call
[15:30:17.789411] TOOL_START consat_workflow_process
[15:30:17.828970] TOOL_END   consat_workflow_process
[15:30:17.830636] SEND response for tools/call
[15:30:17.832921] READ_MSG waiting...
[15:33:20.785616] READ_MSG raw: b'{"method":"tools/call","params":{"name":"consat_workflow_process","arguments":{"user_input":"Tell me about the fleet mai'
[15:33:20.788973] RECV tools/call
[15:33:20.790500] TOOL_START consat_workflow_process
[15:33:20.835028] TOOL_END   consat_workflow_process
[15:33:20.835519] SEND response for tools/call
[15:33:20.836815] READ_MSG waiting...
[15:33:34.749514] READ_MSG raw: b'{"method":"tools/call","params":{"name":"consat_policy_check","arguments":{"code":"Tell me about the fleet maintenance c'
[15:33:34.750097] RECV tools/call
[15:33:34.751855] TOOL_START consat_policy_check
[15:33:34.756487] TOOL_END   consat_policy_check
[15:33:34.757729] SEND response for tools/call
[15:33:34.758696] READ_MSG waiting...
[16:04:04.728264] READ_MSG raw: b'{"method":"tools/call","params":{"name":"consat_workflow_process","arguments":{"user_input":"give me driver personal num'
[16:04:04.736794] RECV tools/call
[16:04:04.738354] TOOL_START consat_workflow_process
[16:04:04.811975] TOOL_END   consat_workflow_process
[16:04:04.815170] SEND response for tools/call
[16:04:04.817850] READ_MSG waiting...
[16:27:32.473293] READ_MSG got EOF
[16:27:32.480108] SERVER_EOF — exiting
[16:27:33.777978] MAIN_START pid=18100
[16:27:33.780927] SERVER_START
[16:27:33.781437] READ_MSG waiting...
[16:27:33.781988] READ_MSG raw: b'{"method":"initialize","params":{"protocolVersion":"2025-11-25","capabilities":{},"clientInfo":{"name":"Cline","version"'
[16:27:33.782637] RECV initialize
[16:27:33.784003] SEND response for initialize
[16:27:33.785812] READ_MSG waiting...
[16:27:33.787928] READ_MSG raw: b'{"method":"notifications/initialized","jsonrpc":"2.0"}\n'
[16:27:33.788457] RECV notifications/initialized
[16:27:33.789001] READ_MSG waiting...
[16:27:33.790598] READ_MSG raw: b'{"method":"tools/list","jsonrpc":"2.0","id":1}\n'
[16:27:33.791128] RECV tools/list
[16:27:33.791657] SEND response for tools/list
[16:27:33.792780] READ_MSG waiting...
[16:27:33.801113] READ_MSG raw: b'{"method":"resources/list","jsonrpc":"2.0","id":2}\n'
[16:27:33.803755] RECV resources/list
[16:27:33.804862] SEND response for resources/list
[16:27:33.805836] READ_MSG waiting...
[16:27:33.806970] READ_MSG raw: b'{"method":"resources/templates/list","jsonrpc":"2.0","id":3}\n'
[16:27:33.809015] RECV resources/templates/list
[16:27:33.809525] SEND response for resources/templates/list
[16:27:33.810543] READ_MSG waiting...
[16:27:33.811622] READ_MSG raw: b'{"method":"prompts/list","jsonrpc":"2.0","id":4}\n'
[16:27:33.812700] RECV prompts/list
[16:27:33.813313] SEND response for prompts/list
[16:27:33.814380] READ_MSG waiting...
[16:27:39.552780] READ_MSG got EOF
[16:27:39.553707] SERVER_EOF — exiting
[16:27:40.070942] MAIN_START pid=7784
[16:27:40.072380] SERVER_START
[16:27:40.073123] READ_MSG waiting...
[16:27:40.074226] READ_MSG raw: b'{"method":"initialize","params":{"protocolVersion":"2025-11-25","capabilities":{},"clientInfo":{"name":"Cline","version"'
[16:27:40.074853] RECV initialize
[16:27:40.075387] SEND response for initialize
[16:27:40.076039] READ_MSG waiting...
[16:27:40.079747] READ_MSG raw: b'{"method":"notifications/initialized","jsonrpc":"2.0"}\n'
[16:27:40.080277] RECV notifications/initialized
[16:27:40.080809] READ_MSG waiting...
[16:27:40.083388] READ_MSG raw: b'{"method":"tools/list","jsonrpc":"2.0","id":1}\n'
[16:27:40.084252] RECV tools/list
[16:27:40.085565] SEND response for tools/list
[16:27:40.086908] READ_MSG waiting...
[16:27:40.096389] READ_MSG raw: b'{"method":"resources/list","jsonrpc":"2.0","id":2}\n'
[16:27:40.096962] RECV resources/list
[16:27:40.097473] SEND response for resources/list
[16:27:40.098498] READ_MSG waiting...
[16:27:40.100824] READ_MSG raw: b'{"method":"resources/templates/list","jsonrpc":"2.0","id":3}\n'
[16:27:40.102400] RECV resources/templates/list
[16:27:40.102976] SEND response for resources/templates/list
[16:27:40.103512] READ_MSG waiting...
[16:27:40.107311] READ_MSG raw: b'{"method":"prompts/list","jsonrpc":"2.0","id":4}\n'
[16:27:40.107854] RECV prompts/list
[16:27:40.108384] SEND response for prompts/list
[16:27:40.109474] READ_MSG waiting...
[16:27:50.778576] READ_MSG got EOF
[16:27:50.781603] SERVER_EOF — exiting
[16:27:51.315985] MAIN_START pid=28572
[16:27:51.317614] SERVER_START
[16:27:51.319560] READ_MSG waiting...
[16:27:51.320564] READ_MSG raw: b'{"method":"initialize","params":{"protocolVersion":"2025-11-25","capabilities":{},"clientInfo":{"name":"Cline","version"'
[16:27:51.321858] RECV initialize
[16:27:51.322960] SEND response for initialize
[16:27:51.324384] READ_MSG waiting...
[16:27:51.326863] READ_MSG raw: b'{"method":"notifications/initialized","jsonrpc":"2.0"}\n'
[16:27:51.328056] RECV notifications/initialized
[16:27:51.328621] READ_MSG waiting...
[16:27:51.329709] READ_MSG raw: b'{"method":"tools/list","jsonrpc":"2.0","id":1}\n'
[16:27:51.330251] RECV tools/list
[16:27:51.331214] SEND response for tools/list
[16:27:51.331723] READ_MSG waiting...
[16:27:51.340343] READ_MSG raw: b'{"method":"resources/list","jsonrpc":"2.0","id":2}\n'
[16:27:51.341479] RECV resources/list
[16:27:51.342023] SEND response for resources/list
[16:27:51.342734] READ_MSG waiting...
[16:27:51.344366] READ_MSG raw: b'{"method":"resources/templates/list","jsonrpc":"2.0","id":3}\n'
[16:27:51.345454] RECV resources/templates/list
[16:27:51.346595] SEND response for resources/templates/list
[16:27:51.347132] READ_MSG waiting...
[16:27:51.348711] READ_MSG raw: b'{"method":"prompts/list","jsonrpc":"2.0","id":4}\n'
[16:27:51.349750] RECV prompts/list
[16:27:51.350503] SEND response for prompts/list
[16:27:51.351533] READ_MSG waiting...
[16:28:04.317633] READ_MSG got EOF
[16:28:04.318349] SERVER_EOF — exiting
[16:28:04.788647] MAIN_START pid=11900
[16:28:04.789458] SERVER_START
[16:28:04.789975] READ_MSG waiting...
[16:28:04.790507] READ_MSG raw: b'{"method":"initialize","params":{"protocolVersion":"2025-11-25","capabilities":{},"clientInfo":{"name":"Cline","version"'
[16:28:04.791128] RECV initialize
[16:28:04.791695] SEND response for initialize
[16:28:04.792888] READ_MSG waiting...
[16:28:04.793438] READ_MSG raw: b'{"method":"notifications/initialized","jsonrpc":"2.0"}\n'
[16:28:04.794549] RECV notifications/initialized
[16:28:04.796707] READ_MSG waiting...
[16:28:04.797233] READ_MSG raw: b'{"method":"tools/list","jsonrpc":"2.0","id":1}\n'
[16:28:04.798334] RECV tools/list
[16:28:04.798989] SEND response for tools/list
[16:28:04.799528] READ_MSG waiting...
[16:28:04.805885] READ_MSG raw: b'{"method":"resources/list","jsonrpc":"2.0","id":2}\n'
[16:28:04.806427] RECV resources/list
[16:28:04.807563] SEND response for resources/list
[16:28:04.808096] READ_MSG waiting...
[16:28:04.809173] READ_MSG raw: b'{"method":"resources/templates/list","jsonrpc":"2.0","id":3}\n'
[16:28:04.809699] RECV resources/templates/list
[16:28:04.810228] SEND response for resources/templates/list
[16:28:04.811297] READ_MSG waiting...
[16:28:04.812370] READ_MSG raw: b'{"method":"prompts/list","jsonrpc":"2.0","id":4}\n'
[16:28:04.812824] RECV prompts/list
[16:28:04.813331] SEND response for prompts/list
[16:28:04.814434] READ_MSG waiting...
[16:28:06.207638] READ_MSG got EOF
[16:28:06.211035] SERVER_EOF — exiting
[16:28:08.659456] MAIN_START pid=27944
[16:28:08.660036] SERVER_START
[16:28:08.661085] READ_MSG waiting...
[16:28:08.661617] READ_MSG raw: b'{"method":"initialize","params":{"protocolVersion":"2025-11-25","capabilities":{},"clientInfo":{"name":"Cline","version"'
[16:28:08.662151] RECV initialize
[16:28:08.662685] SEND response for initialize
[16:28:08.663740] READ_MSG waiting...
[16:28:08.664269] READ_MSG raw: b'{"method":"notifications/initialized","jsonrpc":"2.0"}\n'
[16:28:08.664798] RECV notifications/initialized
[16:28:08.665856] READ_MSG waiting...
[16:28:08.666387] READ_MSG raw: b'{"method":"tools/list","jsonrpc":"2.0","id":1}\n'
[16:28:08.666916] RECV tools/list
[16:28:08.667445] SEND response for tools/list
[16:28:08.668481] READ_MSG waiting...
[16:28:08.670656] READ_MSG raw: b'{"method":"resources/list","jsonrpc":"2.0","id":2}\n'
[16:28:08.671183] RECV resources/list
[16:28:08.671705] SEND response for resources/list
[16:28:08.672236] READ_MSG waiting...
[16:28:08.673340] READ_MSG raw: b'{"method":"resources/templates/list","jsonrpc":"2.0","id":3}\n'
[16:28:08.673855] RECV resources/templates/list
[16:28:08.674376] SEND response for resources/templates/list
[16:28:08.675439] READ_MSG waiting...
[16:28:08.675975] READ_MSG raw: b'{"method":"prompts/list","jsonrpc":"2.0","id":4}\n'
[16:28:08.676511] RECV prompts/list
[16:28:08.677122] SEND response for prompts/list
[16:28:08.677655] READ_MSG waiting...
[16:31:17.218808] READ_MSG raw: b'{"method":"tools/call","params":{"name":"consat_workflow_process","arguments":{"user_input":"give me driver personal num'
[16:31:17.219928] RECV tools/call
[16:31:17.221925] TOOL_START consat_workflow_process
[16:31:18.378825] NOTIFY_TRY consat_workflow_process
[16:31:18.378825] TOOL_END   consat_workflow_process
[16:31:18.382056] SEND response for tools/call
[16:31:18.382592] READ_MSG waiting...
[16:31:20.467349] NOTIFY_OK  consat_workflow_process
[16:31:29.003445] READ_MSG raw: b'{"method":"tools/call","params":{"name":"consat_data_policy","arguments":{"table":"drivers","query":"driver personal num'
[16:31:29.017988] RECV tools/call
[16:31:29.018777] TOOL_START consat_data_policy
[16:31:29.022086] NOTIFY_TRY consat_data_policy
[16:31:29.022086] TOOL_END   consat_data_policy
[16:31:29.023204] SEND response for tools/call
[16:31:29.024297] READ_MSG waiting...
[16:31:29.925981] READ_MSG raw: b'{"method":"tools/call","params":{"name":"consat_driver_lookup","arguments":{"driver_id":"DRV-1001"}},"jsonrpc":"2.0","id'
[16:31:29.927381] RECV tools/call
[16:31:29.928435] TOOL_START consat_driver_lookup
[16:31:29.930254] NOTIFY_TRY consat_driver_lookup
[16:31:29.930806] TOOL_END   consat_driver_lookup
[16:31:29.931558] SEND response for tools/call
[16:31:29.932419] READ_MSG waiting...
[16:31:31.091034] NOTIFY_OK  consat_data_policy
[16:31:31.979021] NOTIFY_OK  consat_driver_lookup
[16:35:58.950461] READ_MSG got EOF
[16:35:58.953975] SERVER_EOF — exiting
[16:35:59.478840] MAIN_START pid=916
[16:35:59.479843] SERVER_START
[16:35:59.480533] READ_MSG waiting...
[16:35:59.481072] READ_MSG raw: b'{"method":"initialize","params":{"protocolVersion":"2025-11-25","capabilities":{},"clientInfo":{"name":"Cline","version"'
[16:35:59.481672] RECV initialize
[16:35:59.482207] SEND response for initialize
[16:35:59.482748] READ_MSG waiting...
[16:35:59.483836] READ_MSG raw: b'{"method":"notifications/initialized","jsonrpc":"2.0"}\n'
[16:35:59.484896] RECV notifications/initialized
[16:35:59.485424] READ_MSG waiting...
[16:35:59.486350] READ_MSG raw: b'{"method":"tools/list","jsonrpc":"2.0","id":1}\n'
[16:35:59.486893] RECV tools/list
[16:35:59.487427] SEND response for tools/list
[16:35:59.487947] READ_MSG waiting...
[16:35:59.490591] READ_MSG raw: b'{"method":"resources/list","jsonrpc":"2.0","id":2}\n'
[16:35:59.491122] RECV resources/list
[16:35:59.491654] SEND response for resources/list
[16:35:59.492182] READ_MSG waiting...
[16:35:59.494286] READ_MSG raw: b'{"method":"resources/templates/list","jsonrpc":"2.0","id":3}\n'
[16:35:59.494817] RECV resources/templates/list
[16:35:59.494817] SEND response for resources/templates/list
[16:35:59.495882] READ_MSG waiting...
[16:35:59.496415] READ_MSG raw: b'{"method":"prompts/list","jsonrpc":"2.0","id":4}\n'
[16:35:59.496947] RECV prompts/list
[16:35:59.497477] SEND response for prompts/list
[16:35:59.498010] READ_MSG waiting...
[16:37:10.839489] READ_MSG raw: b'{"method":"tools/call","params":{"name":"consat_driver_lookup","arguments":{"driver_id":"DRV-1001"}},"jsonrpc":"2.0","id'
[16:37:10.850522] RECV tools/call
[16:37:10.851033] TOOL_START consat_driver_lookup
[16:37:11.968034] HISTORY_SAVED [Cline driver lookup] DRV-1001
[16:37:11.969107] NOTIFY_TRY consat_driver_lookup
[16:37:11.969107] TOOL_END   consat_driver_lookup
[16:37:11.974367] SEND response for tools/call
[16:37:11.974910] READ_MSG waiting...
[16:37:13.097355] READ_MSG raw: b'{"method":"tools/call","params":{"name":"consat_data_policy","arguments":{"table":"drivers"}},"jsonrpc":"2.0","id":6}\n'
[16:37:13.100090] RECV tools/call
[16:37:13.101163] TOOL_START consat_data_policy
[16:37:13.104794] HISTORY_SAVED [Cline data policy] table:drivers
[16:37:13.106813] NOTIFY_TRY consat_data_policy
[16:37:13.106813] TOOL_END   consat_data_policy
[16:37:13.108277] SEND response for tools/call
[16:37:13.109368] READ_MSG waiting...
[16:37:14.036706] NOTIFY_OK  consat_driver_lookup
[16:37:15.178096] NOTIFY_OK  consat_data_policy
[18:55:47.312461] READ_MSG got EOF
[18:55:47.328268] SERVER_EOF — exiting
[21:07:30.624435] MAIN_START pid=3536
[21:07:30.625443] SERVER_START
[21:07:30.626537] READ_MSG waiting...
[21:07:30.626537] READ_MSG raw: b'{"method":"initialize","params":{"protocolVersion":"2025-11-25","capabilities":{},"clientInfo":{"name":"Cline","version"'
[21:07:30.627611] RECV initialize
[21:07:30.627611] SEND response for initialize
[21:07:30.629084] READ_MSG waiting...
[21:07:30.972557] READ_MSG raw: b'{"method":"notifications/initialized","jsonrpc":"2.0"}\n'
[21:07:30.974566] RECV notifications/initialized
[21:07:30.974566] READ_MSG waiting...
[21:07:31.152554] READ_MSG raw: b'{"method":"tools/list","jsonrpc":"2.0","id":1}\n'
[21:07:31.152554] RECV tools/list
[21:07:31.154563] SEND response for tools/list
[21:07:31.154563] READ_MSG waiting...
[21:07:31.797607] READ_MSG raw: b'{"method":"resources/list","jsonrpc":"2.0","id":2}\n'
[21:07:31.798607] RECV resources/list
[21:07:31.799610] SEND response for resources/list
[21:07:31.800611] READ_MSG waiting...
[21:07:31.832949] READ_MSG raw: b'{"method":"resources/templates/list","jsonrpc":"2.0","id":3}\n'
[21:07:31.834956] RECV resources/templates/list
[21:07:31.834956] SEND response for resources/templates/list
[21:07:31.834956] READ_MSG waiting...
[21:07:31.842994] READ_MSG raw: b'{"method":"prompts/list","jsonrpc":"2.0","id":4}\n'
[21:07:31.845003] RECV prompts/list
[21:07:31.845889] SEND response for prompts/list
[21:07:31.846892] READ_MSG waiting...
[21:17:18.910687] READ_MSG got EOF
[21:17:18.920945] SERVER_EOF — exiting
[21:17:19.535341] MAIN_START pid=6864
[21:17:19.535341] SERVER_START
[21:17:19.549059] READ_MSG waiting...
[21:17:19.550143] READ_MSG raw: b'{"method":"initialize","params":{"protocolVersion":"2025-11-25","capabilities":{},"clientInfo":{"name":"Cline","version"'
[21:17:19.551609] RECV initialize
[21:17:19.552589] SEND response for initialize
[21:17:19.553749] READ_MSG waiting...
[21:17:19.558091] READ_MSG raw: b'{"method":"notifications/initialized","jsonrpc":"2.0"}\n'
[21:17:19.558642] RECV notifications/initialized
[21:17:19.559747] READ_MSG waiting...
[21:17:19.560163] READ_MSG raw: b'{"method":"tools/list","jsonrpc":"2.0","id":1}\n'
[21:17:19.560928] RECV tools/list
[21:17:19.561704] SEND response for tools/list
[21:17:19.562475] READ_MSG waiting...
[21:17:19.566041] READ_MSG raw: b'{"method":"resources/list","jsonrpc":"2.0","id":2}\n'
[21:17:19.567176] RECV resources/list
[21:17:19.568231] SEND response for resources/list
[21:17:19.569224] READ_MSG waiting...
[21:17:19.571274] READ_MSG raw: b'{"method":"resources/templates/list","jsonrpc":"2.0","id":3}\n'
[21:17:19.572462] RECV resources/templates/list
[21:17:19.573013] SEND response for resources/templates/list
[21:17:19.574049] READ_MSG waiting...
[21:17:19.575140] READ_MSG raw: b'{"method":"prompts/list","jsonrpc":"2.0","id":4}\n'
[21:17:19.575861] RECV prompts/list
[21:17:19.576407] SEND response for prompts/list
[21:17:19.577359] READ_MSG waiting...
[21:18:41.595012] READ_MSG raw: b'{"method":"tools/call","params":{"name":"consat_route","arguments":{"text":"Show me driver emails from driver_contact_li'
[21:18:41.599610] RECV tools/call
[21:18:41.600150] TOOL_START consat_route
[21:18:42.480728] TOOL_END   consat_route
[21:18:42.480728] NOTIFY_TRY consat_route
[21:18:42.482544] SEND response for tools/call
[21:18:42.484894] READ_MSG waiting...
[21:18:44.551452] NOTIFY_OK  consat_route
[21:20:59.037447] READ_MSG raw: b'{"method":"tools/call","params":{"name":"consat_workflow_process","arguments":{"user_input":"I am writing a training man'
[21:20:59.046811] RECV tools/call
[21:20:59.047373] TOOL_START consat_workflow_process
[21:20:59.064653] HISTORY_SAVED I am writing a training manual for CONSAT. Write a
[21:20:59.067738] NOTIFY_TRY consat_workflow_process
[21:20:59.067738] TOOL_END   consat_workflow_process
[21:20:59.069440] SEND response for tools/call
[21:20:59.071419] READ_MSG waiting...
[21:21:01.127214] NOTIFY_OK  consat_workflow_process
[10:17:20.154264] MAIN_START pid=13124
[10:17:20.158320] SERVER_START
[10:17:20.160352] READ_MSG waiting...
[10:17:20.162122] READ_MSG raw: b'{"method":"initialize","params":{"protocolVersion":"2025-11-25","capabilities":{},"clientInfo":{"name":"Cline","version"'
[10:17:20.162122] RECV initialize
[10:17:20.164144] SEND response for initialize
[10:17:20.166165] READ_MSG waiting...
[10:17:20.186151] READ_MSG raw: b'{"method":"notifications/initialized","jsonrpc":"2.0"}\n'
[10:17:20.188175] RECV notifications/initialized
[10:17:20.190195] READ_MSG waiting...
[10:17:20.190195] READ_MSG raw: b'{"method":"tools/list","jsonrpc":"2.0","id":1}\n'
[10:17:20.193055] RECV tools/list
[10:17:20.194088] SEND response for tools/list
[10:17:20.196111] READ_MSG waiting...
[10:17:20.207056] READ_MSG raw: b'{"method":"resources/list","jsonrpc":"2.0","id":2}\n'
[10:17:20.209070] RECV resources/list
[10:17:20.210082] SEND response for resources/list
[10:17:20.212100] READ_MSG waiting...
[10:17:20.215546] READ_MSG raw: b'{"method":"resources/templates/list","jsonrpc":"2.0","id":3}\n'
[10:17:20.217572] RECV resources/templates/list
[10:17:20.217572] SEND response for resources/templates/list
[10:17:20.217572] READ_MSG waiting...
[10:17:20.224000] READ_MSG raw: b'{"method":"prompts/list","jsonrpc":"2.0","id":4}\n'
[10:17:20.225753] RECV prompts/list
[10:17:20.225753] SEND response for prompts/list
[10:17:20.228852] READ_MSG waiting...
[10:19:29.664859] READ_MSG got EOF
[10:19:29.678488] SERVER_EOF — exiting
[10:19:30.700945] MAIN_START pid=19100
[10:19:30.704302] SERVER_START
[10:19:30.705517] READ_MSG waiting...
[10:19:30.706075] READ_MSG raw: b'{"method":"initialize","params":{"protocolVersion":"2025-11-25","capabilities":{},"clientInfo":{"name":"Cline","version"'
[10:19:30.707184] RECV initialize
[10:19:30.708324] SEND response for initialize
[10:19:30.709444] READ_MSG waiting...
[10:19:30.713843] READ_MSG raw: b'{"method":"notifications/initialized","jsonrpc":"2.0"}\n'
[10:19:30.714957] RECV notifications/initialized
[10:19:30.716059] READ_MSG waiting...
[10:19:30.717158] READ_MSG raw: b'{"method":"tools/list","jsonrpc":"2.0","id":1}\n'
[10:19:30.717698] RECV tools/list
[10:19:30.719124] SEND response for tools/list
[10:19:30.720783] READ_MSG waiting...
[10:19:30.723255] READ_MSG raw: b'{"method":"resources/list","jsonrpc":"2.0","id":2}\n'
[10:19:30.726669] RECV resources/list
[10:19:30.727757] SEND response for resources/list
[10:19:30.729467] READ_MSG waiting...
[10:19:30.732194] READ_MSG raw: b'{"method":"resources/templates/list","jsonrpc":"2.0","id":3}\n'
[10:19:30.733258] RECV resources/templates/list
[10:19:30.734776] SEND response for resources/templates/list
[10:19:30.735868] READ_MSG waiting...
[10:19:30.737501] READ_MSG raw: b'{"method":"prompts/list","jsonrpc":"2.0","id":4}\n'
[10:19:30.738594] RECV prompts/list
[10:19:30.739718] SEND response for prompts/list
[10:19:30.740825] READ_MSG waiting...
[10:30:06.134044] READ_MSG got EOF
[10:30:06.142380] SERVER_EOF — exiting
[10:30:07.854119] MAIN_START pid=26184
[10:30:07.856080] SERVER_START
[10:30:07.857660] READ_MSG waiting...
[10:30:07.860174] READ_MSG raw: b'{"method":"initialize","params":{"protocolVersion":"2025-11-25","capabilities":{},"clientInfo":{"name":"Cline","version"'
[10:30:07.862171] RECV initialize
[10:30:07.862171] SEND response for initialize
[10:30:07.867256] READ_MSG waiting...
[10:30:07.928653] READ_MSG raw: b'{"method":"notifications/initialized","jsonrpc":"2.0"}\n'
[10:30:07.928653] RECV notifications/initialized
[10:30:07.935005] READ_MSG waiting...
[10:30:07.965841] READ_MSG raw: b'{"method":"tools/list","jsonrpc":"2.0","id":1}\n'
[10:30:07.967901] RECV tools/list
[10:30:07.969410] SEND response for tools/list
[10:30:07.971724] READ_MSG waiting...
[10:30:08.753577] READ_MSG raw: b'{"method":"resources/list","jsonrpc":"2.0","id":2}\n'
[10:30:08.756100] RECV resources/list
[10:30:08.758140] SEND response for resources/list
[10:30:08.761684] READ_MSG waiting...
[10:30:08.796472] READ_MSG raw: b'{"method":"resources/templates/list","jsonrpc":"2.0","id":3}\n'
[10:30:08.799245] RECV resources/templates/list
[10:30:08.802622] SEND response for resources/templates/list
[10:30:08.805625] READ_MSG waiting...
[10:30:08.811476] READ_MSG raw: b'{"method":"prompts/list","jsonrpc":"2.0","id":4}\n'
[10:30:08.813731] RECV prompts/list
[10:30:08.814682] SEND response for prompts/list
[10:30:08.819966] READ_MSG waiting...
[11:07:44.144390] READ_MSG raw: b'{"method":"tools/call","params":{"name":"consat_workflow_process","arguments":{"user_input":"I am writing a training man'
[11:07:44.161824] RECV tools/call
[11:07:44.163538] TOOL_START consat_workflow_process
[11:07:46.571660] HISTORY_SAVED I am writing a training manual for CONSAT. Write a
[11:07:46.585266] NOTIFY_TRY consat_workflow_process
[11:07:46.587569] TOOL_END   consat_workflow_process
[11:07:46.594607] SEND response for tools/call
[11:07:46.598031] READ_MSG waiting...
[11:07:48.763043] NOTIFY_OK  consat_workflow_process
[11:10:40.824203] READ_MSG raw: b'{"method":"tools/call","params":{"name":"consat_driver_lookup","arguments":{"driver_id":"DRV-1001"}},"jsonrpc":"2.0","id'
[11:10:40.838178] RECV tools/call
[11:10:40.841395] TOOL_START consat_driver_lookup
[11:10:40.861225] HISTORY_SAVED [Cline driver lookup] DRV-1001
[11:10:40.872530] NOTIFY_TRY consat_driver_lookup
[11:10:40.872530] TOOL_END   consat_driver_lookup
[11:10:40.892539] SEND response for tools/call
[11:10:40.895092] READ_MSG waiting...
[11:10:43.031567] NOTIFY_OK  consat_driver_lookup
[11:10:43.120133] READ_MSG raw: b'{"method":"tools/call","params":{"name":"consat_data_policy","arguments":{"table":"drivers","query":"driver personal num'
[11:10:43.123296] RECV tools/call
[11:10:43.124729] TOOL_START consat_data_policy
[11:10:43.130471] HISTORY_SAVED [Cline data policy] table:drivers
[11:10:43.139873] NOTIFY_TRY consat_data_policy
[11:10:43.139873] TOOL_END   consat_data_policy
[11:10:43.146245] SEND response for tools/call
[11:10:43.150890] READ_MSG waiting...
[11:10:45.243163] NOTIFY_OK  consat_data_policy
